diff --git a/classic/templates/catalog/_partials/product-details.tpl b/classic/templates/catalog/_partials/product-details.tpl
index 0988a89..3d8d50c 100644
--- a/classic/templates/catalog/_partials/product-details.tpl
+++ b/classic/templates/catalog/_partials/product-details.tpl
@@ -1,4 +1,7 @@
-<div class="tab-pane fade{if !$product.description} in active{/if}" id="product-details" data-product="{$product|json_encode}">
+<div class="tab-pane fade{if !$product.description} in active{/if}"
+     id="product-details"
+     data-product="{$product.embedded_attributes|json_encode}"
+  >
   {block name='product_reference'}
     {if isset($product_manufacturer->id)}
       <div class="product-manufacturer">
diff --git a/classic/templates/customer/_partials/order-detail-no-return.tpl b/classic/templates/customer/_partials/order-detail-no-return.tpl
index 09a1cf9..b78d3e9 100644
--- a/classic/templates/customer/_partials/order-detail-no-return.tpl
+++ b/classic/templates/customer/_partials/order-detail-no-return.tpl
@@ -35,7 +35,11 @@
     {foreach from=$order.products item=product}
       <tr>
         <td>
-          <strong>{$product.name}</strong><br/>
+          <strong>
+            <a {if isset($product.download_link)}href="{$product.download_link}"{/if}>
+              {$product.name}
+            </a>
+          </strong><br/>
           {if $product.reference}
             {l s='Reference' d='Shop.Theme.Catalog'}: {$product.reference}<br/>
           {/if}
