diff --git a/classic/_dev/css/components/categories.scss b/classic/_dev/css/components/categories.scss
index 47e2033..0c8b23f 100644
--- a/classic/_dev/css/components/categories.scss
+++ b/classic/_dev/css/components/categories.scss
@@ -44,9 +44,13 @@
   }
 }
 .products-selection {
+  .sort-by-row {
+    @include display(flex);
+    align-items: center;
+  }
   .sort-by {
-    padding-top: rem(10px);
-    white-space: nowrap;
+    white-space: normal;
+    word-break: break-word;
     margin-right: rem(-15px);
     margin-left: rem(15px);
     text-align: right
@@ -382,4 +386,4 @@
       }
     }
   }
-}
\ No newline at end of file
+}
diff --git a/classic/_dev/css/components/featuredproducts.scss b/classic/_dev/css/components/featuredproducts.scss
index 1fa3db7..44d4597 100644
--- a/classic/_dev/css/components/featuredproducts.scss
+++ b/classic/_dev/css/components/featuredproducts.scss
@@ -1,4 +1,4 @@
-#products,.featured-products,.product-accessories  {
+#products,.featured-products,.product-accessories,.product-miniature  {
   .products {
     @include display(flex);
     @include flex-wrap(wrap);
diff --git a/classic/_dev/js/listing.js b/classic/_dev/js/listing.js
index 02c54a0..ff6a719 100644
--- a/classic/_dev/js/listing.js
+++ b/classic/_dev/js/listing.js
@@ -26,6 +26,8 @@ import $ from 'jquery';
 import prestashop from 'prestashop';
 import 'velocity-animate';

+import ProductMinitature from './components/product-miniature';
+
 $(document).ready(() => {
   prestashop.on('clickQuickView', function (elm) {
     let data = {
@@ -140,4 +142,8 @@ function updateProductListDOM (data) {
   $('#js-product-list-top').replaceWith(data.rendered_products_top);
   $('#js-product-list').replaceWith(data.rendered_products);
   $('#js-product-list-bottom').replaceWith(data.rendered_products_bottom);
+
+  let productMinitature = new ProductMinitature();
+  productMinitature.init();
+
 }
diff --git a/classic/_dev/js/theme.js b/classic/_dev/js/theme.js
index 3bb0ce8..cae24e8 100644
--- a/classic/_dev/js/theme.js
+++ b/classic/_dev/js/theme.js
@@ -68,7 +68,4 @@ $(document).ready(() => {
   topMenu.init();
   productMinitature.init();
   productSelect.init();
-  $("#products").bind("DOMSubtreeModified", function() {
-    productMinitature.init();
-  });
 });
diff --git a/classic/templates/_partials/header.tpl b/classic/templates/_partials/header.tpl
index 4c61d59..bf9c880 100644
--- a/classic/templates/_partials/header.tpl
+++ b/classic/templates/_partials/header.tpl
@@ -36,7 +36,7 @@
           </div>
           <div class="hidden-md-up text-xs-center mobile">
             <div class="pull-xs-left" id="menu-icon">
-              <i class="material-icons">&#xE5D2;</i>
+              <i class="material-icons d-inline">&#xE5D2;</i>
             </div>
             <div class="pull-xs-right" id="_mobile_cart"></div>
             <div class="pull-xs-right" id="_mobile_user_info"></div>
diff --git a/classic/templates/catalog/_partials/active_filters.tpl b/classic/templates/catalog/_partials/active_filters.tpl
index a06c8d7..82a9345 100644
--- a/classic/templates/catalog/_partials/active_filters.tpl
+++ b/classic/templates/catalog/_partials/active_filters.tpl
@@ -22,13 +22,13 @@
  * @license   http://opensource.org/licenses/osl-3.0.php Open Software License (OSL 3.0)
  * International Registered Trademark & Property of PrestaShop SA
  *}
-{if $activeFilters|count}
-  <section id="js-active-search-filters" class="active_filters">
-    <h1 class="h6 active-filter-title">{l s='Active filters' d='Shop.Theme'}</h1>
+<section id="js-active-search-filters" class="{if $activeFilters|count}active_filters{else}hide{/if}">
+  <h1 class="h6 active-filter-title">{l s='Active filters' d='Shop.Theme'}</h1>
+  {if $activeFilters|count}
     <ul>
       {foreach from=$activeFilters item="filter"}
         <li class="filter-block">{l s='%1$s: ' d='Shop.Theme.Catalog' sprintf=[$filter.facetLabel]} {$filter.label} <a class="js-search-link" href="{$filter.nextEncodedFacetsURL}"><i class="material-icons close">&#xE5CD;</i></a></li>
       {/foreach}
     </ul>
-  </section>
-{/if}
+  {/if}
+</section>
diff --git a/classic/templates/catalog/_partials/products-top.tpl b/classic/templates/catalog/_partials/products-top.tpl
index 725553c..09df1b5 100644
--- a/classic/templates/catalog/_partials/products-top.tpl
+++ b/classic/templates/catalog/_partials/products-top.tpl
@@ -31,7 +31,7 @@
     {/if}
   </div>
   <div class="col-md-6">
-    <div class="row">
+    <div class="row sort-by-row">

       {block name='sort_by'}
         {include file='catalog/_partials/sort-orders.tpl' sort_orders=$listing.sort_orders}
diff --git a/classic/templates/catalog/_partials/sort-orders.tpl b/classic/templates/catalog/_partials/sort-orders.tpl
index a3f3dcd..ff902fa 100644
--- a/classic/templates/catalog/_partials/sort-orders.tpl
+++ b/classic/templates/catalog/_partials/sort-orders.tpl
@@ -25,7 +25,7 @@
 <span class="col-sm-3 col-md-3 hidden-sm-down sort-by">{l s='Sort by:' d='Shop.Theme'}</span>
 <div class="{if !empty($listing.rendered_facets)}col-sm-9 col-xs-8{else}col-sm-12 col-xs-12{/if} col-md-9 products-sort-order dropdown">
   <a class="select-title" rel="nofollow" data-toggle="dropdown" aria-haspopup="true" aria-expanded="false">
-    {l s='Select' d='Shop.Theme.Actions'}
+    {if isset($listing.sort_selected)}{$listing.sort_selected}{else}{l s='Select' d='Shop.Theme.Actions'}{/if}
     <i class="material-icons pull-xs-right">&#xE5C5;</i>
   </a>
   <div class="dropdown-menu">
